<?xml version="1.0" encoding="UTF-8"?>
<!-- Generated by org.testng.reporters.JUnitXMLReporter -->
<testsuite ignored="0" hostname="DESKTOP-CEVIH8K" failures="1" tests="1" name="Surefire test" time="33.494" errors="0" timestamp="23 Dec 2023 21:05:55 GMT">
  <testcase classname="org.selflearning.TestWebInMobile" name="signInToSWY" time="0.0">
    <failure type="java.lang.NullPointerException">
      <![CDATA[java.lang.NullPointerException
at org.selflearning.TestWebInMobile.signInToSWY(TestWebInMobile.java:23)
... Removed 30 stack frames]]>
    </failure>
  </testcase> <!-- signInToSWY -->
</testsuite> <!-- Surefire test -->
