-------------------------------------------------------------------------------
Test set: org.selflearning.TestWebInMobile
-------------------------------------------------------------------------------
Tests run: 1, Failures: 1, Errors: 0, Skipped: 0, Time elapsed: 34.258 s <<< FAILURE! - in org.selflearning.TestWebInMobile
signInToSWY(org.selflearning.TestWebInMobile)  Time elapsed: 0 s  <<< FAILURE!
java.lang.NullPointerException
	at org.selflearning.TestWebInMobile.signInToSWY(TestWebInMobile.java:23)

